<?xml version="1.0" encoding="UTF-8"?>
<!-- Generated by org.testng.reporters.JUnitXMLReporter -->
<testsuite ignored="0" hostname="cdc2-l-128fwwn" failures="1" tests="2" name="ErrorValidations" time="47.743" errors="0" timestamp="2024-08-21T15:38:26 IST">
  <testcase classname="SeleniumFramework.Ecommerce.ErrorValidations" name="LoginErrorValidations" time="1.943">
    <failure type="java.lang.AssertionError" message="expected [Incorrect email or password.] but found [Incorrect email or// password.]">
      <![CDATA[java.lang.AssertionError: expected [Incorrect email or password.] but found [Incorrect email or// password.]
at SeleniumFramework.Ecommerce.ErrorValidations.LoginErrorValidations(ErrorValidations.java:30)
at java.base/java.util.ArrayList.forEach(ArrayList.java:1597)
at java.base/java.util.concurrent.FutureTask.run(FutureTask.java:317)
at java.base/java.util.concurrent.ThreadPoolExecutor.runWorker(ThreadPoolExecutor.java:1144)
at java.base/java.util.concurrent.ThreadPoolExecutor$Worker.run(ThreadPoolExecutor.java:642)
at java.base/java.lang.Thread.run(Thread.java:1570)
... Removed 21 stack frames]]>
    </failure>
  </testcase> <!-- LoginErrorValidations -->
  <testcase classname="SeleniumFramework.Ecommerce.ErrorValidations" name="ProductErrorValidation" time="20.796"/>
</testsuite> <!-- ErrorValidations -->
