<?xml version="1.0" encoding="UTF-8"?>
<!-- Generated by org.testng.reporters.JUnitXMLReporter -->
<testsuite ignored="1" hostname="cdc2-l-128fwwn" failures="2" tests="6" name="E2ETestcase" time="75.794" errors="0" timestamp="2024-08-21T17:24:30 IST">
  <testcase classname="SeleniumFramework.Ecommerce.E2Eecommerce2Optimised" name="submitOrderTest" time="2.732">
    <skipped/>
  </testcase> <!-- submitOrderTest -->
  <testcase classname="SeleniumFramework.Ecommerce.E2Eecommerce2Optimised" name="submitOrderTest" time="1.902">
    <skipped/>
  </testcase> <!-- submitOrderTest -->
  <testcase classname="SeleniumFramework.Ecommerce.E2Eecommerce2Optimised" name="submitOrderTest" time="1.708">
    <failure type="org.openqa.selenium.ElementClickInterceptedException" message="element click intercepted: Element is not clickable at point (776, 444)
  (Session info: chrome-headless-shell=127.0.6533.120)
Build info: version: &amp;apos;4.23.1&amp;apos;, revision: &amp;apos;656257d8e9&amp;apos;
System info: os.name: &amp;apos;Windows 11&amp;apos;, os.arch: &amp;apos;amd64&amp;apos;, os.version: &amp;apos;10.0&amp;apos;, java.version: &amp;apos;22.0.2&amp;apos;
Driver info: org.openqa.selenium.chrome.ChromeDriver
Command: [41a9158d05aaa7e605627f7c2a7227da, clickElement {id=f.3AEC4D1CC891F2F9D537F9918A034252.d.5AE57ABD01272695DE203F550DED1C8E.e.30}]
Capabilities {acceptInsecureCerts: false, browserName: chrome-headless-shell, browserVersion: 127.0.6533.120, chrome: {chromedriverVersion: 127.0.6533.119 (bdef6783a05..., userDataDir: C:\Users\AROCKI~1.STE\AppDa...}, fedcm:accounts: true, goog:chromeOptions: {debuggerAddress: localhost:52450}, networkConnectionEnabled: false, pageLoadStrategy: normal, platformName: windows, proxy: Proxy(), se:cdp: ws://localhost:52450/devtoo..., se:cdpVersion: 127.0.6533.120, setWindowRect: true, strictFileInteractability: false, timeouts: {implicit: 0, pageLoad: 300000, script: 30000}, unhandledPromptBehavior: dismiss and notify, webauthn:extension:credBlob: true, webauthn:extension:largeBlob: true, webauthn:extension:minPinLength: true, webauthn:extension:prf: true, webauthn:virtualAuthenticators: true}
Element: [[[[ChromeDriver: chrome-headless-shell on windows (41a9158d05aaa7e605627f7c2a7227da)] -&amp;gt; css selector: .col-lg-4]] -&amp;gt; css selector: .btn.w-10.rounded]
Session ID: 41a9158d05aaa7e605627f7c2a7227da">
      <![CDATA[org.openqa.selenium.ElementClickInterceptedException: element click intercepted: Element is not clickable at point (776, 444)
  (Session info: chrome-headless-shell=127.0.6533.120)
Build info: version: '4.23.1', revision: '656257d8e9'
System info: os.name: 'Windows 11', os.arch: 'amd64', os.version: '10.0', java.version: '22.0.2'
Driver info: org.openqa.selenium.chrome.ChromeDriver
Command: [41a9158d05aaa7e605627f7c2a7227da, clickElement {id=f.3AEC4D1CC891F2F9D537F9918A034252.d.5AE57ABD01272695DE203F550DED1C8E.e.30}]
Capabilities {acceptInsecureCerts: false, browserName: chrome-headless-shell, browserVersion: 127.0.6533.120, chrome: {chromedriverVersion: 127.0.6533.119 (bdef6783a05..., userDataDir: C:\Users\AROCKI~1.STE\AppDa...}, fedcm:accounts: true, goog:chromeOptions: {debuggerAddress: localhost:52450}, networkConnectionEnabled: false, pageLoadStrategy: normal, platformName: windows, proxy: Proxy(), se:cdp: ws://localhost:52450/devtoo..., se:cdpVersion: 127.0.6533.120, setWindowRect: true, strictFileInteractability: false, timeouts: {implicit: 0, pageLoad: 300000, script: 30000}, unhandledPromptBehavior: dismiss and notify, webauthn:extension:credBlob: true, webauthn:extension:largeBlob: true, webauthn:extension:minPinLength: true, webauthn:extension:prf: true, webauthn:virtualAuthenticators: true}
Element: [[[[ChromeDriver: chrome-headless-shell on windows (41a9158d05aaa7e605627f7c2a7227da)] -> css selector: .col-lg-4]] -> css selector: .btn.w-10.rounded]
Session ID: 41a9158d05aaa7e605627f7c2a7227da
at org.openqa.selenium.remote.ErrorCodec.decode(ErrorCodec.java:167)
at org.openqa.selenium.remote.codec.w3c.W3CHttpResponseCodec.decode(W3CHttpResponseCodec.java:138)
at org.openqa.selenium.remote.codec.w3c.W3CHttpResponseCodec.decode(W3CHttpResponseCodec.java:50)
at org.openqa.selenium.remote.HttpCommandExecutor.execute(HttpCommandExecutor.java:190)
at org.openqa.selenium.remote.service.DriverCommandExecutor.invokeExecute(DriverCommandExecutor.java:216)
at org.openqa.selenium.remote.service.DriverCommandExecutor.execute(DriverCommandExecutor.java:174)
at org.openqa.selenium.remote.RemoteWebDriver.execute(RemoteWebDriver.java:545)
at org.openqa.selenium.remote.RemoteWebElement.execute(RemoteWebElement.java:223)
at org.openqa.selenium.remote.RemoteWebElement.click(RemoteWebElement.java:76)
at PageObjects.ProductCataloguePage.addTheProductToCart(ProductCataloguePage.java:54)
at SeleniumFramework.Ecommerce.E2Eecommerce2Optimised.submitOrderTest(E2Eecommerce2Optimised.java:38)
at java.base/java.util.ArrayList.forEach(ArrayList.java:1597)
at java.base/java.util.concurrent.FutureTask.run(FutureTask.java:317)
at java.base/java.util.concurrent.ThreadPoolExecutor.runWorker(ThreadPoolExecutor.java:1144)
at java.base/java.util.concurrent.ThreadPoolExecutor$Worker.run(ThreadPoolExecutor.java:642)
at java.base/java.lang.Thread.run(Thread.java:1570)
... Removed 18 stack frames]]>
    </failure>
  </testcase> <!-- submitOrderTest -->
  <testcase classname="SeleniumFramework.Ecommerce.E2Eecommerce2Optimised" name="submitOrderTest" time="2.074">
    <skipped/>
  </testcase> <!-- submitOrderTest -->
  <testcase classname="SeleniumFramework.Ecommerce.E2Eecommerce2Optimised" name="submitOrderTest" time="1.854">
    <skipped/>
  </testcase> <!-- submitOrderTest -->
  <testcase classname="SeleniumFramework.Ecommerce.E2Eecommerce2Optimised" name="submitOrderTest" time="1.817">
    <failure type="org.openqa.selenium.ElementClickInterceptedException" message="element click intercepted: Element is not clickable at point (1656, 444)
  (Session info: chrome-headless-shell=127.0.6533.120)
Build info: version: &amp;apos;4.23.1&amp;apos;, revision: &amp;apos;656257d8e9&amp;apos;
System info: os.name: &amp;apos;Windows 11&amp;apos;, os.arch: &amp;apos;amd64&amp;apos;, os.version: &amp;apos;10.0&amp;apos;, java.version: &amp;apos;22.0.2&amp;apos;
Driver info: org.openqa.selenium.chrome.ChromeDriver
Command: [806f2a958059bace9e915eb7b16d223e, clickElement {id=f.8346757798E9AE16B83D6A8C9FF7E26B.d.C3F553324BC444BF8410288A37E0F188.e.26}]
Capabilities {acceptInsecureCerts: false, browserName: chrome-headless-shell, browserVersion: 127.0.6533.120, chrome: {chromedriverVersion: 127.0.6533.119 (bdef6783a05..., userDataDir: C:\Users\AROCKI~1.STE\AppDa...}, fedcm:accounts: true, goog:chromeOptions: {debuggerAddress: localhost:52723}, networkConnectionEnabled: false, pageLoadStrategy: normal, platformName: windows, proxy: Proxy(), se:cdp: ws://localhost:52723/devtoo..., se:cdpVersion: 127.0.6533.120, setWindowRect: true, strictFileInteractability: false, timeouts: {implicit: 0, pageLoad: 300000, script: 30000}, unhandledPromptBehavior: dismiss and notify, webauthn:extension:credBlob: true, webauthn:extension:largeBlob: true, webauthn:extension:minPinLength: true, webauthn:extension:prf: true, webauthn:virtualAuthenticators: true}
Element: [[[[ChromeDriver: chrome-headless-shell on windows (806f2a958059bace9e915eb7b16d223e)] -&amp;gt; css selector: .col-lg-4]] -&amp;gt; css selector: .btn.w-10.rounded]
Session ID: 806f2a958059bace9e915eb7b16d223e">
      <![CDATA[org.openqa.selenium.ElementClickInterceptedException: element click intercepted: Element is not clickable at point (1656, 444)
  (Session info: chrome-headless-shell=127.0.6533.120)
Build info: version: '4.23.1', revision: '656257d8e9'
System info: os.name: 'Windows 11', os.arch: 'amd64', os.version: '10.0', java.version: '22.0.2'
Driver info: org.openqa.selenium.chrome.ChromeDriver
Command: [806f2a958059bace9e915eb7b16d223e, clickElement {id=f.8346757798E9AE16B83D6A8C9FF7E26B.d.C3F553324BC444BF8410288A37E0F188.e.26}]
Capabilities {acceptInsecureCerts: false, browserName: chrome-headless-shell, browserVersion: 127.0.6533.120, chrome: {chromedriverVersion: 127.0.6533.119 (bdef6783a05..., userDataDir: C:\Users\AROCKI~1.STE\AppDa...}, fedcm:accounts: true, goog:chromeOptions: {debuggerAddress: localhost:52723}, networkConnectionEnabled: false, pageLoadStrategy: normal, platformName: windows, proxy: Proxy(), se:cdp: ws://localhost:52723/devtoo..., se:cdpVersion: 127.0.6533.120, setWindowRect: true, strictFileInteractability: false, timeouts: {implicit: 0, pageLoad: 300000, script: 30000}, unhandledPromptBehavior: dismiss and notify, webauthn:extension:credBlob: true, webauthn:extension:largeBlob: true, webauthn:extension:minPinLength: true, webauthn:extension:prf: true, webauthn:virtualAuthenticators: true}
Element: [[[[ChromeDriver: chrome-headless-shell on windows (806f2a958059bace9e915eb7b16d223e)] -> css selector: .col-lg-4]] -> css selector: .btn.w-10.rounded]
Session ID: 806f2a958059bace9e915eb7b16d223e
at org.openqa.selenium.remote.ErrorCodec.decode(ErrorCodec.java:167)
at org.openqa.selenium.remote.codec.w3c.W3CHttpResponseCodec.decode(W3CHttpResponseCodec.java:138)
at org.openqa.selenium.remote.codec.w3c.W3CHttpResponseCodec.decode(W3CHttpResponseCodec.java:50)
at org.openqa.selenium.remote.HttpCommandExecutor.execute(HttpCommandExecutor.java:190)
at org.openqa.selenium.remote.service.DriverCommandExecutor.invokeExecute(DriverCommandExecutor.java:216)
at org.openqa.selenium.remote.service.DriverCommandExecutor.execute(DriverCommandExecutor.java:174)
at org.openqa.selenium.remote.RemoteWebDriver.execute(RemoteWebDriver.java:545)
at org.openqa.selenium.remote.RemoteWebElement.execute(RemoteWebElement.java:223)
at org.openqa.selenium.remote.RemoteWebElement.click(RemoteWebElement.java:76)
at PageObjects.ProductCataloguePage.addTheProductToCart(ProductCataloguePage.java:54)
at SeleniumFramework.Ecommerce.E2Eecommerce2Optimised.submitOrderTest(E2Eecommerce2Optimised.java:38)
at java.base/java.util.ArrayList.forEach(ArrayList.java:1597)
at java.base/java.util.concurrent.FutureTask.run(FutureTask.java:317)
at java.base/java.util.concurrent.ThreadPoolExecutor.runWorker(ThreadPoolExecutor.java:1144)
at java.base/java.util.concurrent.ThreadPoolExecutor$Worker.run(ThreadPoolExecutor.java:642)
at java.base/java.lang.Thread.run(Thread.java:1570)
... Removed 18 stack frames]]>
    </failure>
  </testcase> <!-- submitOrderTest -->
  <testcase classname="SeleniumFramework.Ecommerce.E2Eecommerce2Optimised" name="verifyOrdersPage" time="0.0">
    <ignored/>
  </testcase> <!-- verifyOrdersPage -->
</testsuite> <!-- E2ETestcase -->
